<?xml version="1.0" encoding="UTF-8"?>
<testsuite name="com.camp.campon.CamponApplicationTests" tests="1" skipped="0" failures="0" errors="0" timestamp="2023-11-16T01:06:44" hostname="DESKTOP-72CG3MQ" time="0.323">
  <properties/>
  <testcase name="contextLoads()" classname="com.camp.campon.CamponApplicationTests" time="0.323"/>
  <system-out><![CDATA[10:06:37.566 [Test worker] DEBUG org.springframework.test.context.BootstrapUtils - Instantiating CacheAwareContextLoaderDelegate from class [org.springframework.test.context.cache.DefaultCacheAwareContextLoaderDelegate]
10:06:37.585 [Test worker] DEBUG org.springframework.test.context.BootstrapUtils - Instantiating BootstrapContext using constructor [public org.springframework.test.context.support.DefaultBootstrapContext(java.lang.Class,org.springframework.test.context.CacheAwareContextLoaderDelegate)]
10:06:37.729 [Test worker] DEBUG org.springframework.test.context.BootstrapUtils - Instantiating TestContextBootstrapper for test class [com.camp.campon.CamponApplicationTests] from class [org.springframework.boot.test.context.SpringBootTestContextBootstrapper]
10:06:37.745 [Test worker] INFO org.springframework.boot.test.context.SpringBootTestContextBootstrapper - Neither @ContextConfiguration nor @ContextHierarchy found for test class [com.camp.campon.CamponApplicationTests], using SpringBootContextLoader
10:06:37.759 [Test worker] DEBUG org.springframework.test.context.support.AbstractContextLoader - Did not detect default resource location for test class [com.camp.campon.CamponApplicationTests]: class path resource [com/camp/campon/CamponApplicationTests-context.xml] does not exist
10:06:37.759 [Test worker] DEBUG org.springframework.test.context.support.AbstractContextLoader - Did not detect default resource location for test class [com.camp.campon.CamponApplicationTests]: class path resource [com/camp/campon/CamponApplicationTestsContext.groovy] does not exist
10:06:37.759 [Test worker] INFO org.springframework.test.context.support.AbstractContextLoader - Could not detect default resource locations for test class [com.camp.campon.CamponApplicationTests]: no resource found for suffixes {-context.xml, Context.groovy}.
10:06:37.760 [Test worker] INFO org.springframework.test.context.support.AnnotationConfigContextLoaderUtils - Could not detect default configuration classes for test class [com.camp.campon.CamponApplicationTests]: CamponApplicationTests does not declare any static, non-private, non-final, nested classes annotated with @Configuration.
10:06:37.813 [Test worker] DEBUG org.springframework.test.context.support.ActiveProfilesUtils - Could not find an 'annotation declaring class' for annotation type [org.springframework.test.context.ActiveProfiles] and class [com.camp.campon.CamponApplicationTests]
10:06:37.896 [Test worker] DEBUG org.springframework.context.annotation.ClassPathScanningCandidateComponentProvider - Identified candidate component class: file [F:\thejoeunAcademy\SpringBoot\git\CampOn\campon\build\classes\java\main\com\camp\campon\CamponApplication.class]
10:06:37.899 [Test worker] INFO org.springframework.boot.test.context.SpringBootTestContextBootstrapper - Found @SpringBootConfiguration com.camp.campon.CamponApplication for test class com.camp.campon.CamponApplicationTests
10:06:38.045 [Test worker] DEBUG org.springframework.boot.test.context.SpringBootTestContextBootstrapper - @TestExecutionListeners is not present for class [com.camp.campon.CamponApplicationTests]: using defaults.
10:06:38.046 [Test worker] INFO org.springframework.boot.test.context.SpringBootTestContextBootstrapper - Loaded default TestExecutionListener class names from location [META-INF/spring.factories]: [org.springframework.security.test.context.support.WithSecurityContextTestExecutionListener, org.springframework.security.test.context.support.ReactorContextTestExecutionListener, org.springframework.boot.test.autoconfigure.restdocs.RestDocsTestExecutionListener, org.springframework.boot.test.autoconfigure.web.client.MockRestServiceServerResetTestExecutionListener, org.springframework.boot.test.autoconfigure.web.servlet.MockMvcPrintOnlyOnFailureTestExecutionListener, org.springframework.boot.test.autoconfigure.web.servlet.WebDriverTestExecutionListener, org.springframework.boot.test.autoconfigure.webservices.client.MockWebServiceServerTestExecutionListener, org.springframework.boot.test.mock.mockito.MockitoTestExecutionListener, org.springframework.boot.test.mock.mockito.ResetMocksTestExecutionListener, org.springframework.test.context.web.ServletTestExecutionListener, org.springframework.test.context.support.DirtiesContextBeforeModesTestExecutionListener, org.springframework.test.context.event.ApplicationEventsTestExecutionListener, org.springframework.test.context.support.DependencyInjectionTestExecutionListener, org.springframework.test.context.support.DirtiesContextTestExecutionListener, org.springframework.test.context.transaction.TransactionalTestExecutionListener, org.springframework.test.context.jdbc.SqlScriptsTestExecutionListener, org.springframework.test.context.event.EventPublishingTestExecutionListener]
10:06:38.074 [Test worker] INFO org.springframework.boot.test.context.SpringBootTestContextBootstrapper - Using TestExecutionListeners: [org.springframework.test.context.web.ServletTestExecutionListener@b7c4869, org.springframework.test.context.support.DirtiesContextBeforeModesTestExecutionListener@740d2e78, org.springframework.test.context.event.ApplicationEventsTestExecutionListener@1c481ff2, org.springframework.boot.test.mock.mockito.MockitoTestExecutionListener@72437d8d, org.springframework.boot.test.autoconfigure.SpringBootDependencyInjectionTestExecutionListener@1b955cac, org.springframework.test.context.support.DirtiesContextTestExecutionListener@676cf48, org.springframework.test.context.transaction.TransactionalTestExecutionListener@5a1de7fb, org.springframework.test.context.jdbc.SqlScriptsTestExecutionListener@335b5620, org.springframework.security.test.context.support.WithSecurityContextTestExecutionListener@29a0cdb, org.springframework.test.context.event.EventPublishingTestExecutionListener@32a68f4f, org.springframework.security.test.context.support.ReactorContextTestExecutionListener@73194df, org.springframework.boot.test.autoconfigure.restdocs.RestDocsTestExecutionListener@6eb2384f, org.springframework.boot.test.autoconfigure.web.client.MockRestServiceServerResetTestExecutionListener@3c9c0d96, org.springframework.boot.test.autoconfigure.web.servlet.MockMvcPrintOnlyOnFailureTestExecutionListener@3a4621bd, org.springframework.boot.test.autoconfigure.web.servlet.WebDriverTestExecutionListener@31dadd46, org.springframework.boot.test.autoconfigure.webservices.client.MockWebServiceServerTestExecutionListener@4ed5eb72, org.springframework.boot.test.mock.mockito.ResetMocksTestExecutionListener@12f9af83]
10:06:38.079 [Test worker] DEBUG org.springframework.test.context.support.AbstractDirtiesContextTestExecutionListener - Before test class: context [DefaultTestContext@42039326 testClass = CamponApplicationTests, testInstance = [null], testMethod = [null], testException = [null], mergedContextConfiguration = [WebMergedContextConfiguration@33308786 testClass = CamponApplicationTests, locations = '{}', classes = '{class com.camp.campon.CamponApplication}', contextInitializerClasses = '[]', activeProfiles = '{}', propertySourceLocations = '{}', propertySourceProperties = '{org.springframework.boot.test.context.SpringBootTestContextBootstrapper=true}', contextCustomizers = set[org.springframework.boot.test.autoconfigure.actuate.metrics.MetricsExportContextCustomizerFactory$DisableMetricExportContextCustomizer@6f10d5b6, org.springframework.boot.test.autoconfigure.properties.PropertyMappingContextCustomizer@0, org.springframework.boot.test.autoconfigure.web.servlet.WebDriverContextCustomizerFactory$Customizer@6f53b8a, org.springframework.boot.test.context.filter.ExcludeFilterContextCustomizer@1a245833, org.springframework.boot.test.json.DuplicateJsonObjectContextCustomizerFactory$DuplicateJsonObjectContextCustomizer@5b799640, org.springframework.boot.test.mock.mockito.MockitoContextCustomizer@0, org.springframework.boot.test.web.client.TestRestTemplateContextCustomizer@65f8f5ae, org.springframework.boot.test.context.SpringBootTestArgs@1, org.springframework.boot.test.context.SpringBootTestWebEnvironment@1b1473ab], resourceBasePath = 'src/main/webapp', contextLoader = 'org.springframework.boot.test.context.SpringBootContextLoader', parent = [null]], attributes = map['org.springframework.test.context.web.ServletTestExecutionListener.activateListener' -> true]], class annotated with @DirtiesContext [false] with mode [null].

  .   ____          _            __ _ _
 /\\ / ___'_ __ _ _(_)_ __  __ _ \ \ \ \
( ( )\___ | '_ | '_| | '_ \/ _` | \ \ \ \
 \\/  ___)| |_)| | | | | || (_| |  ) ) ) )
  '  |____| .__|_| |_|_| |_\__, | / / / /
 =========|_|==============|___/=/_/_/_/
 :: Spring Boot ::               (v2.7.17)

2023-11-16 10:06:38.514  INFO 10652 --- [    Test worker] com.camp.campon.CamponApplicationTests   : Starting CamponApplicationTests using Java 1.8.0_202 on DESKTOP-72CG3MQ with PID 10652 (started by tj-bu-708-04 in F:\thejoeunAcademy\SpringBoot\git\CampOn\campon)
2023-11-16 10:06:38.515  INFO 10652 --- [    Test worker] com.camp.campon.CamponApplicationTests   : No active profile set, falling back to 1 default profile: "default"
2023-11-16 10:06:41.757  INFO 10652 --- [    Test worker] com.camp.campon.config.SecuriryConfig    : 스프링 시큐리티 설정...
2023-11-16 10:06:42.000  INFO 10652 --- [    Test worker] o.s.s.web.DefaultSecurityFilterChain     : Will secure any request with [org.springframework.security.web.session.DisableEncodeUrlFilter@42507640, org.springframework.security.web.context.request.async.WebAsyncManagerIntegrationFilter@4dfe8b37, org.springframework.security.web.context.SecurityContextPersistenceFilter@4b8137c5, org.springframework.security.web.header.HeaderWriterFilter@671d03bb, org.springframework.security.web.csrf.CsrfFilter@134f8ef6, org.springframework.security.web.authentication.logout.LogoutFilter@65514add, org.springframework.security.web.authentication.UsernamePasswordAuthenticationFilter@61ffd148, org.springframework.security.web.savedrequest.RequestCacheAwareFilter@606a1bc4, org.springframework.security.web.servletapi.SecurityContextHolderAwareRequestFilter@25ffd826, org.springframework.security.web.authentication.rememberme.RememberMeAuthenticationFilter@715a70e9, org.springframework.security.web.authentication.AnonymousAuthenticationFilter@11dcd42c, org.springframework.security.web.session.SessionManagementFilter@2173a742, org.springframework.security.web.access.ExceptionTranslationFilter@73afe2b7, org.springframework.security.web.access.intercept.FilterSecurityInterceptor@79980d8d]
2023-11-16 10:06:43.111  INFO 10652 --- [    Test worker] o.s.b.a.w.s.WelcomePageHandlerMapping    : Adding welcome page template: index
2023-11-16 10:06:44.202  INFO 10652 --- [    Test worker] com.camp.campon.CamponApplicationTests   : Started CamponApplicationTests in 6.078 seconds (JVM running for 8.029)
]]></system-out>
  <system-err><![CDATA[]]></system-err>
</testsuite>
