<?xml version="1.0" encoding="UTF-8"?>
<testsuite name="com.camp.campon.CamponApplicationTests" tests="1" skipped="0" failures="0" errors="0" timestamp="2023-11-16T03:23:13" hostname="DESKTOP-72CG3MQ" time="0.394">
  <properties/>
  <testcase name="contextLoads()" classname="com.camp.campon.CamponApplicationTests" time="0.394"/>
  <system-out><![CDATA[12:23:06.864 [Test worker] DEBUG org.springframework.test.context.BootstrapUtils - Instantiating CacheAwareContextLoaderDelegate from class [org.springframework.test.context.cache.DefaultCacheAwareContextLoaderDelegate]
12:23:06.880 [Test worker] DEBUG org.springframework.test.context.BootstrapUtils - Instantiating BootstrapContext using constructor [public org.springframework.test.context.support.DefaultBootstrapContext(java.lang.Class,org.springframework.test.context.CacheAwareContextLoaderDelegate)]
12:23:06.924 [Test worker] DEBUG org.springframework.test.context.BootstrapUtils - Instantiating TestContextBootstrapper for test class [com.camp.campon.CamponApplicationTests] from class [org.springframework.boot.test.context.SpringBootTestContextBootstrapper]
12:23:06.952 [Test worker] INFO org.springframework.boot.test.context.SpringBootTestContextBootstrapper - Neither @ContextConfiguration nor @ContextHierarchy found for test class [com.camp.campon.CamponApplicationTests], using SpringBootContextLoader
12:23:06.957 [Test worker] DEBUG org.springframework.test.context.support.AbstractContextLoader - Did not detect default resource location for test class [com.camp.campon.CamponApplicationTests]: class path resource [com/camp/campon/CamponApplicationTests-context.xml] does not exist
12:23:06.957 [Test worker] DEBUG org.springframework.test.context.support.AbstractContextLoader - Did not detect default resource location for test class [com.camp.campon.CamponApplicationTests]: class path resource [com/camp/campon/CamponApplicationTestsContext.groovy] does not exist
12:23:06.958 [Test worker] INFO org.springframework.test.context.support.AbstractContextLoader - Could not detect default resource locations for test class [com.camp.campon.CamponApplicationTests]: no resource found for suffixes {-context.xml, Context.groovy}.
12:23:06.959 [Test worker] INFO org.springframework.test.context.support.AnnotationConfigContextLoaderUtils - Could not detect default configuration classes for test class [com.camp.campon.CamponApplicationTests]: CamponApplicationTests does not declare any static, non-private, non-final, nested classes annotated with @Configuration.
12:23:07.011 [Test worker] DEBUG org.springframework.test.context.support.ActiveProfilesUtils - Could not find an 'annotation declaring class' for annotation type [org.springframework.test.context.ActiveProfiles] and class [com.camp.campon.CamponApplicationTests]
12:23:07.093 [Test worker] DEBUG org.springframework.context.annotation.ClassPathScanningCandidateComponentProvider - Identified candidate component class: file [F:\thejoeunAcademy\SpringBoot\git\CampOn\campon\build\classes\java\main\com\camp\campon\CamponApplication.class]
12:23:07.095 [Test worker] INFO org.springframework.boot.test.context.SpringBootTestContextBootstrapper - Found @SpringBootConfiguration com.camp.campon.CamponApplication for test class com.camp.campon.CamponApplicationTests
12:23:07.235 [Test worker] DEBUG org.springframework.boot.test.context.SpringBootTestContextBootstrapper - @TestExecutionListeners is not present for class [com.camp.campon.CamponApplicationTests]: using defaults.
12:23:07.235 [Test worker] INFO org.springframework.boot.test.context.SpringBootTestContextBootstrapper - Loaded default TestExecutionListener class names from location [META-INF/spring.factories]: [org.springframework.security.test.context.support.WithSecurityContextTestExecutionListener, org.springframework.security.test.context.support.ReactorContextTestExecutionListener, org.springframework.boot.test.autoconfigure.restdocs.RestDocsTestExecutionListener, org.springframework.boot.test.autoconfigure.web.client.MockRestServiceServerResetTestExecutionListener, org.springframework.boot.test.autoconfigure.web.servlet.MockMvcPrintOnlyOnFailureTestExecutionListener, org.springframework.boot.test.autoconfigure.web.servlet.WebDriverTestExecutionListener, org.springframework.boot.test.autoconfigure.webservices.client.MockWebServiceServerTestExecutionListener, org.springframework.boot.test.mock.mockito.MockitoTestExecutionListener, org.springframework.boot.test.mock.mockito.ResetMocksTestExecutionListener, org.springframework.test.context.web.ServletTestExecutionListener, org.springframework.test.context.support.DirtiesContextBeforeModesTestExecutionListener, org.springframework.test.context.event.ApplicationEventsTestExecutionListener, org.springframework.test.context.support.DependencyInjectionTestExecutionListener, org.springframework.test.context.support.DirtiesContextTestExecutionListener, org.springframework.test.context.transaction.TransactionalTestExecutionListener, org.springframework.test.context.jdbc.SqlScriptsTestExecutionListener, org.springframework.test.context.event.EventPublishingTestExecutionListener]
12:23:07.264 [Test worker] INFO org.springframework.boot.test.context.SpringBootTestContextBootstrapper - Using TestExecutionListeners: [org.springframework.test.context.web.ServletTestExecutionListener@3fc9504b, org.springframework.test.context.support.DirtiesContextBeforeModesTestExecutionListener@6d025197, org.springframework.test.context.event.ApplicationEventsTestExecutionListener@27d4a09, org.springframework.boot.test.mock.mockito.MockitoTestExecutionListener@7e4204e2, org.springframework.boot.test.autoconfigure.SpringBootDependencyInjectionTestExecutionListener@b7c4869, org.springframework.test.context.support.DirtiesContextTestExecutionListener@740d2e78, org.springframework.test.context.transaction.TransactionalTestExecutionListener@1c481ff2, org.springframework.test.context.jdbc.SqlScriptsTestExecutionListener@72437d8d, org.springframework.security.test.context.support.WithSecurityContextTestExecutionListener@1b955cac, org.springframework.test.context.event.EventPublishingTestExecutionListener@676cf48, org.springframework.security.test.context.support.ReactorContextTestExecutionListener@5a1de7fb, org.springframework.boot.test.autoconfigure.restdocs.RestDocsTestExecutionListener@335b5620, org.springframework.boot.test.autoconfigure.web.client.MockRestServiceServerResetTestExecutionListener@29a0cdb, org.springframework.boot.test.autoconfigure.web.servlet.MockMvcPrintOnlyOnFailureTestExecutionListener@32a68f4f, org.springframework.boot.test.autoconfigure.web.servlet.WebDriverTestExecutionListener@73194df, org.springframework.boot.test.autoconfigure.webservices.client.MockWebServiceServerTestExecutionListener@6eb2384f, org.springframework.boot.test.mock.mockito.ResetMocksTestExecutionListener@3c9c0d96]
12:23:07.270 [Test worker] DEBUG org.springframework.test.context.support.AbstractDirtiesContextTestExecutionListener - Before test class: context [DefaultTestContext@19835e64 testClass = CamponApplicationTests, testInstance = [null], testMethod = [null], testException = [null], mergedContextConfiguration = [WebMergedContextConfiguration@68b32e3e testClass = CamponApplicationTests, locations = '{}', classes = '{class com.camp.campon.CamponApplication}', contextInitializerClasses = '[]', activeProfiles = '{}', propertySourceLocations = '{}', propertySourceProperties = '{org.springframework.boot.test.context.SpringBootTestContextBootstrapper=true}', contextCustomizers = set[org.springframework.boot.test.autoconfigure.actuate.metrics.MetricsExportContextCustomizerFactory$DisableMetricExportContextCustomizer@1972e513, org.springframework.boot.test.autoconfigure.properties.PropertyMappingContextCustomizer@0, org.springframework.boot.test.autoconfigure.web.servlet.WebDriverContextCustomizerFactory$Customizer@71075444, org.springframework.boot.test.context.filter.ExcludeFilterContextCustomizer@5c80cf32, org.springframework.boot.test.json.DuplicateJsonObjectContextCustomizerFactory$DuplicateJsonObjectContextCustomizer@673fdbce, org.springframework.boot.test.mock.mockito.MockitoContextCustomizer@0, org.springframework.boot.test.web.client.TestRestTemplateContextCustomizer@f1da57d, org.springframework.boot.test.context.SpringBootTestArgs@1, org.springframework.boot.test.context.SpringBootTestWebEnvironment@47d90b9e], resourceBasePath = 'src/main/webapp', contextLoader = 'org.springframework.boot.test.context.SpringBootContextLoader', parent = [null]], attributes = map['org.springframework.test.context.web.ServletTestExecutionListener.activateListener' -> true]], class annotated with @DirtiesContext [false] with mode [null].

  .   ____          _            __ _ _
 /\\ / ___'_ __ _ _(_)_ __  __ _ \ \ \ \
( ( )\___ | '_ | '_| | '_ \/ _` | \ \ \ \
 \\/  ___)| |_)| | | | | || (_| |  ) ) ) )
  '  |____| .__|_| |_|_| |_\__, | / / / /
 =========|_|==============|___/=/_/_/_/
 :: Spring Boot ::               (v2.7.17)

2023-11-16 12:23:07.726  INFO 4032 --- [    Test worker] com.camp.campon.CamponApplicationTests   : Starting CamponApplicationTests using Java 1.8.0_202 on DESKTOP-72CG3MQ with PID 4032 (started by tj-bu-708-04 in F:\thejoeunAcademy\SpringBoot\git\CampOn\campon)
2023-11-16 12:23:07.728  INFO 4032 --- [    Test worker] com.camp.campon.CamponApplicationTests   : No active profile set, falling back to 1 default profile: "default"
2023-11-16 12:23:11.064  INFO 4032 --- [    Test worker] com.camp.campon.config.SecuriryConfig    : 스프링 시큐리티 설정...
2023-11-16 12:23:11.491  INFO 4032 --- [    Test worker] o.s.s.web.DefaultSecurityFilterChain     : Will secure any request with [org.springframework.security.web.session.DisableEncodeUrlFilter@abad89c, org.springframework.security.web.context.request.async.WebAsyncManagerIntegrationFilter@602f8f94, org.springframework.security.web.context.SecurityContextPersistenceFilter@706ceca6, org.springframework.security.web.header.HeaderWriterFilter@9687f55, org.springframework.security.web.csrf.CsrfFilter@29a33620, org.springframework.security.web.authentication.logout.LogoutFilter@6ecc02bb, org.springframework.security.web.authentication.UsernamePasswordAuthenticationFilter@35d60381, org.springframework.security.web.savedrequest.RequestCacheAwareFilter@4b8137c5, org.springframework.security.web.servletapi.SecurityContextHolderAwareRequestFilter@44dc7b7d, org.springframework.security.web.authentication.rememberme.RememberMeAuthenticationFilter@5d7d8613, org.springframework.security.web.authentication.AnonymousAuthenticationFilter@42507640, org.springframework.security.web.session.SessionManagementFilter@671d03bb, org.springframework.security.web.access.ExceptionTranslationFilter@22bf9122, org.springframework.security.web.access.intercept.FilterSecurityInterceptor@2e5e6fc4]
2023-11-16 12:23:12.312  INFO 4032 --- [    Test worker] o.s.b.a.w.s.WelcomePageHandlerMapping    : Adding welcome page template: index
2023-11-16 12:23:13.274  INFO 4032 --- [    Test worker] com.camp.campon.CamponApplicationTests   : Started CamponApplicationTests in 5.96 seconds (JVM running for 8.04)
]]></system-out>
  <system-err><![CDATA[]]></system-err>
</testsuite>
